<?xml version="1.0" encoding="UTF-8"?>
<!-- Generated by org.testng.reporters.JUnitReportReporter -->
<testsuite hostname="Dibyansh_Verma" failures="0" tests="1" name="DibyanshVerma.Demo.Test1" time="23.986" errors="0" timestamp="2024-05-14T20:15:28 IST" skipped="0">
  <testcase classname="DibyanshVerma.Demo.Test1" name="openBrowser" time="23.986"/>
</testsuite> <!-- DibyanshVerma.Demo.Test1 -->
