<?xml version="1.0" encoding="UTF-8"?>
<!-- Generated by org.testng.reporters.JUnitReportReporter -->
<testsuite hostname="Dibyansh_Verma" failures="0" tests="1" name="DibyanshVerma.Demo.Test1" time="14.974" errors="0" timestamp="2024-05-24T22:32:19 IST" skipped="0">
  <testcase classname="DibyanshVerma.Demo.Test1" name="openBrowser" time="14.974"/>
</testsuite> <!-- DibyanshVerma.Demo.Test1 -->
