<?xml version="1.0" encoding="UTF-8"?>
<!-- Generated by org.testng.reporters.JUnitReportReporter -->
<testsuite hostname="Dibyansh_Verma" failures="0" tests="1" name="DibyanshVerma.Demo.Test1" time="18.400" errors="0" timestamp="2024-06-01T12:16:58 IST" skipped="0">
  <testcase classname="DibyanshVerma.Demo.Test1" name="openBrowser" time="18.400"/>
</testsuite> <!-- DibyanshVerma.Demo.Test1 -->
